Arguments: 
  C:\Program Files\nodejs\node.exe C:\Program Files (x86)\Yarn\bin\yarn.js

PATH: 
  C:\Users\Steve\AppData\Local\Programs\Python\Python39\Scripts\;C:\Users\Steve\AppData\Local\Programs\Python\Python39\;C:\Program Files (x86)\Common Files\Oracle\Java\javapath;c:\programdata\oracle\java\javapath;c:\windows\system32;c:\windows;c:\windows\system32\wbem;c:\windows\system32\windowspowershell\v1.0\;c:\program files (x86)\gtksharp\2.12\bin;c:\windows\system32\openssh\;c:\program files (x86)\quicktime\qtsystem\;C:\Program Files (x86)\NVIDIA Corporation\PhysX\Common;C:\WINDOWS\system32;C:\WINDOWS;C:\WINDOWS\System32\Wbem;C:\WINDOWS\System32\WindowsPowerShell\v1.0\;C:\WINDOWS\System32\OpenSSH\;C:\Program Files\Git\cmd;C:\Program Files\nodejs\;C:\ProgramData\chocolatey\bin;C:\Program Files (x86)\Yarn\bin\;C:\Users\Steve\AppData\Local\.meteor/;C:\Users\Steve\AppData\Roaming\npm\node_modules\meteor\node_modules\.bin;C:\Users\Steve\AppData\Roaming\npm\node_modules\node_modules\.bin;C:\Users\Steve\AppData\Roaming\npm\node_modules\.bin;C:\Users\Steve\AppData\Roaming\node_modules\.bin;C:\Users\Steve\AppData\node_modules\.bin;C:\Users\Steve\node_modules\.bin;C:\Users\node_modules\.bin;C:\node_modules\.bin;C:\Users\Steve\AppData\Roaming\npm\node_modules\npm\node_modules\@npmcli\run-script\lib\node-gyp-bin;C:\Users\Steve\bin;C:\Program Files\Git\mingw64\bin;C:\Program Files\Git\usr\local\bin;C:\Program Files\Git\usr\bin;C:\Program Files\Git\usr\bin;C:\Program Files\Git\mingw64\bin;C:\Program Files\Git\usr\bin;C:\Users\Steve\bin;C:\Users\Steve\AppData\Local\Programs\Python\Python39\Scripts;C:\Users\Steve\AppData\Local\Programs\Python\Python39;C:\Program Files (x86)\Common Files\Oracle\Java\javapath;C:\programdata\oracle\java\javapath;C:\windows\system32;C:\windows;C:\windows\system32\wbem;C:\windows\system32\windowspowe;C:\Users\Steve\AppData\Local\Yarn\bin;C:\Users\Steve\AppData\Local\Programs\Microsoft VS Code\bin

Yarn version: 
  1.22.5

Node version: 
  14.17.5

Platform: 
  win32 x64

Trace: 
  Error: EPERM: operation not permitted, unlink 'D:\vite-react-tailwind-jit\node_modules\esbuild\esbuild.exe'

npm manifest: 
  {
    "name": "swapper",
    "version": "0.0.0",
    "scripts": {
      "dev": "vite",
      "build": "vite build",
      "serve": "vite preview"
    },
    "dependencies": {
      "react": "^17.0.2",
      "react-dom": "^17.0.0",
      "react-router-dom": "^5.3.0"
    },
    "devDependencies": {
      "@vitejs/plugin-react-refresh": "^1.3.1",
      "vite": "^2.6.0"
    }
  }

yarn manifest: 
  No manifest

Lockfile: 
  No lockfile
